C:\USERS\LFJ\DESKTOP\LEARNING\LEARNMSE\LEARNMSE\X64\RELEASE\NEURALNET.OBJ
C:\USERS\LFJ\DESKTOP\LEARNING\LEARNMSE\LEARNMSE\X64\RELEASE\MATHFUNCTIONS.OBJ
C:\USERS\LFJ\DESKTOP\LEARNING\LEARNMSE\LEARNMSE\X64\RELEASE\LEARNMSE.OBJ
C:\USERS\LFJ\DESKTOP\LEARNING\LEARNMSE\LEARNMSE\X64\RELEASE\CUDANN_35_30.PCH
C:\USERS\LFJ\DESKTOP\LEARNING\LEARNMSE\LEARNMSE\X64\RELEASE\STDAFX.OBJ
C:\USERS\LFJ\DESKTOP\LEARNING\LEARNMSE\LEARNMSE\X64\RELEASE\VC110.PDB
C:\USERS\LFJ\DESKTOP\LEARNING\LEARNMSE\LEARNMSE\X64\RELEASE\UTILITIES.OBJ
C:\Users\lfj\Desktop\Learning\LearnMSE\LearnMSE\x64\Release\CudaKernels.cu.cache
C:\Users\lfj\Desktop\Learning\LearnMSE\LearnMSE\x64\Release\CudaKernels.cu.obj
C:\Users\lfj\Desktop\Learning\LearnMSE\LearnMSE\x64\Release\LearnMSE.obj
C:\Users\lfj\Desktop\Learning\LearnMSE\LearnMSE\x64\Release\MathFunctions.obj
C:\Users\lfj\Desktop\Learning\LearnMSE\LearnMSE\x64\Release\NeuralNet.obj
C:\Users\lfj\Desktop\Learning\LearnMSE\LearnMSE\x64\Release\stdafx.obj
C:\Users\lfj\Desktop\Learning\LearnMSE\LearnMSE\x64\Release\Utilities.obj
C:\Users\lfj\Desktop\Learning\LearnMSE\LearnMSE\x64\Release\cl.command.1.tlog
C:\Users\lfj\Desktop\Learning\LearnMSE\LearnMSE\x64\Release\CL.read.1.tlog
C:\Users\lfj\Desktop\Learning\LearnMSE\LearnMSE\x64\Release\CL.write.1.tlog
C:\Users\lfj\Desktop\Learning\LearnMSE\LearnMSE\x64\Release\link-cvtres.read.1.tlog
C:\Users\lfj\Desktop\Learning\LearnMSE\LearnMSE\x64\Release\link-cvtres.write.1.tlog
C:\Users\lfj\Desktop\Learning\LearnMSE\LearnMSE\x64\Release\link-rc.read.1.tlog
C:\Users\lfj\Desktop\Learning\LearnMSE\LearnMSE\x64\Release\link-rc.write.1.tlog
C:\Users\lfj\Desktop\Learning\LearnMSE\LearnMSE\x64\Release\link.command.1.tlog
C:\Users\lfj\Desktop\Learning\LearnMSE\LearnMSE\x64\Release\link.read.1.tlog
C:\Users\lfj\Desktop\Learning\LearnMSE\LearnMSE\x64\Release\link.write.1.tlog
C:\Users\lfj\Desktop\Learning\LearnMSE\LearnMSE\x64\Release\CudaNN.pch
C:\Users\lfj\Desktop\Learning\LearnMSE\LearnMSE\x64\Release\CudaNN2.pch
C:\Users\lfj\Desktop\Learning\LearnMSE\LearnMSE\x64\Release\CudaNN_35_30.pch
C:\Users\lfj\Desktop\Learning\LearnMSE\LearnMSE\x64\Release\CudaNN_40_40.pch
C:\Users\lfj\Desktop\Learning\LearnMSE\LearnMSE\x64\Release\CudaNN_50_40.pch
C:\Users\lfj\Desktop\Learning\LearnMSE\LearnMSE\x64\Release\CudaNN_teapot.pch
C:\Users\lfj\Desktop\Learning\LearnMSE\LearnMSE\x64\Release\vc110.pdb
