Build started 9/6/2014 5:26:38 PM.
     1>Project "C:\Users\lfj\Desktop\Learning\LearnMSE\LearnMSE\LearnMSE.vcxproj" on node 2 (Build target(s)).
     1>ClCompile:
         C:\Program Files (x86)\Microsoft Visual Studio 11.0\VC\bin\x86_amd64\CL.exe /c /I"C:\Program Files\MATLAB\R2013b\extern\include" /I"C:\ProgramData\NVIDIA Corporation\CUDA Samples\v5.5\common\inc" /I"C:\Program Files\NVIDIA GPU Computing Toolkit\CUDA\v5.5\include" /I"C:\Program Files\NVIDIA GPU Computing Toolkit\CUDA\v5.5\include" /Zi /nologo /W3 /WX- /sdl- /O2 /Oi /Ot /GL /D WIN32 /D NDEBUG /D _CONSOLE /D _CRT_SECURE_NO_WARNINGS /D _UNICODE /D UNICODE /Gm- /EHsc /MD /GS /Gy /arch:SSE2 /Zc:wchar_t /Zc:forScope /openmp /Yu"stdafx.h" /Fp"x64\Release\NeuralNetwork.pch" /Fo"x64\Release\\" /Fd"x64\Release\vc110.pdb" /Gd /TP /errorReport:prompt LearnMSE.cpp NeuralNet.cpp
     1>cl : Command line warning D9002: ignoring unknown option '/arch:SSE2'
         LearnMSE.cpp
     1>LearnMSE.cpp(14): warning C4101: 'error' : unreferenced local variable
     1>LearnMSE.cpp(15): warning C4101: 'deviceProp' : unreferenced local variable
         NeuralNet.cpp
     1>c:\users\lfj\desktop\learning\learnmse\learnmse\RectifierFunc.h(8): warning C4244: 'argument' : conversion from 'double' to 'float', possible loss of data
     1>c:\users\lfj\desktop\learning\learnmse\learnmse\RectifierFunc.h(12): warning C4244: 'return' : conversion from 'double' to 'float', possible loss of data
     1>NeuralNet.cpp(16): warning C4244: 'argument' : conversion from 'time_t' to 'unsigned int', possible loss of data
     1>NeuralNet.cpp(230): warning C4267: 'initializing' : conversion from 'size_t' to 'int', possible loss of data
     1>NeuralNet.cpp(266): warning C4267: 'initializing' : conversion from 'size_t' to 'int', possible loss of data
     1>NeuralNet.cpp(310): warning C4267: 'initializing' : conversion from 'size_t' to 'const int', possible loss of data
     1>NeuralNet.cpp(313): warning C4267: 'initializing' : conversion from 'size_t' to 'const int', possible loss of data
     1>NeuralNet.cpp(356): warning C4267: 'initializing' : conversion from 'size_t' to 'const int', possible loss of data
     1>NeuralNet.cpp(421): warning C4267: 'initializing' : conversion from 'size_t' to 'const int', possible loss of data
     1>NeuralNet.cpp(524): warning C4267: 'initializing' : conversion from 'size_t' to 'const int', possible loss of data
     1>NeuralNet.cpp(543): warning C4267: 'initializing' : conversion from 'size_t' to 'const int', possible loss of data
     1>NeuralNet.cpp(567): warning C4267: 'initializing' : conversion from 'size_t' to 'const int', possible loss of data
     1>NeuralNet.cpp(642): warning C4244: '=' : conversion from 'double' to 'float', possible loss of data
     1>NeuralNet.cpp(646): warning C4244: 'argument' : conversion from 'double' to 'float', possible loss of data
     1>NeuralNet.cpp(653): warning C4267: 'initializing' : conversion from 'size_t' to 'const int', possible loss of data
     1>NeuralNet.cpp(793): warning C4267: 'initializing' : conversion from 'size_t' to 'const int', possible loss of data
     1>NeuralNet.cpp(812): warning C4244: 'argument' : conversion from 'float' to 'const int', possible loss of data
     1>NeuralNet.cpp(848): warning C4267: 'initializing' : conversion from 'size_t' to 'const int', possible loss of data
     1>NeuralNet.cpp(851): warning C4267: '=' : conversion from 'size_t' to 'int', possible loss of data
     1>NeuralNet.cpp(871): warning C4267: 'initializing' : conversion from 'size_t' to 'const int', possible loss of data
     1>NeuralNet.cpp(921): warning C4267: 'initializing' : conversion from 'size_t' to 'const int', possible loss of data
     1>NeuralNet.cpp(938): warning C4267: 'initializing' : conversion from 'size_t' to 'const int', possible loss of data
     1>NeuralNet.cpp(966): warning C4267: 'initializing' : conversion from 'size_t' to 'const int', possible loss of data
     1>NeuralNet.cpp(990): warning C4267: 'initializing' : conversion from 'size_t' to 'const int', possible loss of data
     1>NeuralNet.cpp(991): warning C4267: 'initializing' : conversion from 'size_t' to 'const int', possible loss of data
     1>NeuralNet.cpp(992): warning C4267: 'initializing' : conversion from 'size_t' to 'const int', possible loss of data
     1>NeuralNet.cpp(993): warning C4267: 'argument' : conversion from 'size_t' to 'int', possible loss of data
     1>NeuralNet.cpp(994): warning C4267: 'argument' : conversion from 'size_t' to 'int', possible loss of data
       Link:
         C:\Program Files (x86)\Microsoft Visual Studio 11.0\VC\bin\x86_amd64\link.exe /ERRORREPORT:PROMPT /OUT:"C:\Users\lfj\Desktop\Learning\LearnMSE\x64\Release\NeuralNetwork.exe" /NOLOGO /LIBPATH:"C:\Program Files\MATLAB\R2013a\extern\lib\win64\microsoft" /LIBPATH:"C:\ProgramData\NVIDIA Corporation\CUDA Samples\v5.5\common\lib" /LIBPATH:"C:\Program Files\NVIDIA GPU Computing Toolkit\CUDA\v5.5\lib\x64" /LIBPATH:"C:\Program Files\NVIDIA GPU Computing Toolkit\CUDA\v5.5\lib\x64" libeng.lib libmat.lib libmx.lib kernel32.lib user32.lib gdi32.lib winspool.lib comdlg32.lib advapi32.lib shell32.lib ole32.lib oleaut32.lib uuid.lib odbc32.lib odbccp32.lib cudart.lib cublas.lib kernel32.lib user32.lib gdi32.lib winspool.lib comdlg32.lib advapi32.lib shell32.lib ole32.lib oleaut32.lib uuid.lib odbc32.lib odbccp32.lib /MANIFEST /MANIFESTUAC:"level='asInvoker' uiAccess='false'" /manifest:embed /DEBUG /PDB:"C:\Users\lfj\Desktop\Learning\LearnMSE\x64\Release\NeuralNetwork.pdb" /SUBSYSTEM:CONSOLE /OPT:REF /OPT:ICF /LTCG /TLBID:1 /DYNAMICBASE /NXCOMPAT /IMPLIB:"C:\Users\lfj\Desktop\Learning\LearnMSE\x64\Release\NeuralNetwork.lib" /MACHINE:X64 x64\Release\CudaKernels.cu.obj
         x64\Release\LearnMSE.obj
         x64\Release\MathFunctions.obj
         x64\Release\NeuralNet.obj
         x64\Release\stdafx.obj
         x64\Release\Utilities.obj
         Generating code
         Finished generating code
         LearnMSE.vcxproj -> C:\Users\lfj\Desktop\Learning\LearnMSE\x64\Release\NeuralNetwork.exe
     1>Done Building Project "C:\Users\lfj\Desktop\Learning\LearnMSE\LearnMSE\LearnMSE.vcxproj" (Build target(s)).

Build succeeded.

Time Elapsed 00:00:06.24
