C:\USERS\LFJ\DESKTOP\LEARNING\LEARNMSE\LEARNMSE\X64\RELEASE\LEARNMSE.PCH
C:\USERS\LFJ\DESKTOP\LEARNING\LEARNMSE\LEARNMSE\X64\RELEASE\STDAFX.OBJ
C:\USERS\LFJ\DESKTOP\LEARNING\LEARNMSE\LEARNMSE\X64\RELEASE\VC110.PDB
C:\USERS\LFJ\DESKTOP\LEARNING\LEARNMSE\LEARNMSE\X64\RELEASE\NEURALNET.OBJ
C:\USERS\LFJ\DESKTOP\LEARNING\LEARNMSE\LEARNMSE\X64\RELEASE\LEARNMSE.OBJ
C:\USERS\LFJ\DESKTOP\LEARNING\LEARNMSE\X64\RELEASE\LEARNMSE.EXE
C:\USERS\LFJ\DESKTOP\LEARNING\LEARNMSE\X64\RELEASE\LEARNMSE.PDB
C:\Users\lfj\Desktop\Learning\LearnMSE\LearnMSE\x64\Release\LearnMSE.obj
C:\Users\lfj\Desktop\Learning\LearnMSE\LearnMSE\x64\Release\NeuralNet.obj
C:\Users\lfj\Desktop\Learning\LearnMSE\LearnMSE\x64\Release\stdafx.obj
C:\Users\lfj\Desktop\Learning\LearnMSE\LearnMSE\x64\Release\cl.command.1.tlog
C:\Users\lfj\Desktop\Learning\LearnMSE\LearnMSE\x64\Release\CL.read.1.tlog
C:\Users\lfj\Desktop\Learning\LearnMSE\LearnMSE\x64\Release\CL.write.1.tlog
C:\Users\lfj\Desktop\Learning\LearnMSE\LearnMSE\x64\Release\link-cvtres.read.1.tlog
C:\Users\lfj\Desktop\Learning\LearnMSE\LearnMSE\x64\Release\link-cvtres.write.1.tlog
C:\Users\lfj\Desktop\Learning\LearnMSE\LearnMSE\x64\Release\link-rc.read.1.tlog
C:\Users\lfj\Desktop\Learning\LearnMSE\LearnMSE\x64\Release\link-rc.write.1.tlog
C:\Users\lfj\Desktop\Learning\LearnMSE\LearnMSE\x64\Release\link.command.1.tlog
C:\Users\lfj\Desktop\Learning\LearnMSE\LearnMSE\x64\Release\link.read.1.tlog
C:\Users\lfj\Desktop\Learning\LearnMSE\LearnMSE\x64\Release\link.write.1.tlog
C:\Users\lfj\Desktop\Learning\LearnMSE\LearnMSE\x64\Release\LearnMSE.pch
C:\Users\lfj\Desktop\Learning\LearnMSE\LearnMSE\x64\Release\vc110.pdb
C:\Users\lfj\Desktop\Learning\LearnMSE\x64\Release\LearnMSE.pdb
